This is a test
This is another test
What is going on?
Who is doing this shit:?
What the hell!?
Whoa buddy!
This is amazingsauce!
What a thing!
Whoaaaaaaaa
This is a test
This is another test
This is a test
What is going on!?
This is a test
This is another ets
This is a test
This is a test
This is a test
This is a test
Testing
This is a test
This is atest
This is a test
This is another test
Why are you broken?
Testing
Test
Testing
This is a test
Testing
jghjkjhghjkjhghjk
Testinnnnggg
ajkrgj 
This is a test
This is a test
Testing
Testing
This is a test
This is a test
